<?xml version="1.0" encoding="UTF-8"?>
<!-- Generated by org.testng.reporters.JUnitReportReporter -->
<testsuite skipped="0" hostname="LAPTOP-VU0KHJRO" name="seleniumgrid.Node2" tests="1" failures="0" timestamp="2020-11-25T17:08:52 IST" time="26.217" errors="0">
  <testcase name="method2" time="26.217" classname="seleniumgrid.Node2"/>
  <system-out/>
</testsuite> <!-- seleniumgrid.Node2 -->
