<?xml version="1.0" encoding="UTF-8"?>
<!-- Generated by org.testng.reporters.JUnitReportReporter -->
<testsuite skipped="0" hostname="LAPTOP-VU0KHJRO" name="seleniumgrid.SeleniumGridParallelParameters" tests="3" failures="0" timestamp="2020-11-25T17:00:32 IST" time="80.900" errors="0">
  <testcase name="method1" time="25.675" classname="seleniumgrid.SeleniumGridParallelParameters"/>
  <system-out/>
  <testcase name="method1" time="28.875" classname="seleniumgrid.SeleniumGridParallelParameters"/>
  <system-out/>
  <testcase name="method1" time="26.350" classname="seleniumgrid.SeleniumGridParallelParameters"/>
  <system-out/>
</testsuite> <!-- seleniumgrid.SeleniumGridParallelParameters -->
