<?xml version="1.0" encoding="UTF-8"?>
<!-- Generated by org.testng.reporters.JUnitReportReporter -->
<testsuite skipped="0" hostname="LAPTOP-VU0KHJRO" name="seleniumgrid.Node1" tests="1" failures="0" timestamp="2020-11-25T17:08:52 IST" time="27.426" errors="0">
  <testcase name="method1" time="27.426" classname="seleniumgrid.Node1"/>
  <system-out/>
</testsuite> <!-- seleniumgrid.Node1 -->
