<?xml version="1.0" encoding="UTF-8"?>
<!-- Generated by org.testng.reporters.JUnitReportReporter -->
<testsuite skipped="0" hostname="LAPTOP-VU0KHJRO" name="seleniumgrid.SeleniumGridParallel" tests="3" failures="0" timestamp="2020-11-25T17:01:37 IST" time="43.988" errors="0">
  <testcase name="method1" time="15.388" classname="seleniumgrid.SeleniumGridParallel"/>
  <system-out/>
  <testcase name="method2" time="13.606" classname="seleniumgrid.SeleniumGridParallel"/>
  <system-out/>
  <testcase name="method3" time="14.994" classname="seleniumgrid.SeleniumGridParallel"/>
  <system-out/>
</testsuite> <!-- seleniumgrid.SeleniumGridParallel -->
