<?xml version="1.0" encoding="UTF-8"?>
<!-- Generated by org.testng.reporters.JUnitReportReporter -->
<testsuite skipped="0" hostname="LAPTOP-VU0KHJRO" name="seleniumgrid.Node3" tests="1" failures="0" timestamp="2020-11-25T17:08:52 IST" time="29.003" errors="0">
  <testcase name="method3" time="29.003" classname="seleniumgrid.Node3"/>
  <system-out/>
</testsuite> <!-- seleniumgrid.Node3 -->
